2023-03-04T10:34:00.383+09:00  INFO 16292 --- [restartedMain] org.msa.item.ItemServiceApplication      : The following 1 profile is active: "local"
2023-03-04T10:34:01.149+09:00  INFO 16292 --- [restartedMain] .s.d.r.c.RepositoryConfigurationDelegate : Bootstrapping Spring Data JPA repositories in DEFAULT mode.
2023-03-04T10:34:01.189+09:00  INFO 16292 --- [restartedMain] .s.d.r.c.RepositoryConfigurationDelegate : Finished Spring Data repository scanning in 32 ms. Found 1 JPA repository interfaces.
2023-03-04T10:34:01.342+09:00  INFO 16292 --- [restartedMain] o.s.cloud.context.scope.GenericScope     : BeanFactory id=eb268e33-6b28-3b15-8a80-34466ed8a781
2023-03-04T10:34:01.846+09:00  INFO 16292 --- [restartedMain] o.s.b.w.embedded.tomcat.TomcatWebServer  : Tomcat initialized with port(s): 5000 (http)
2023-03-04T10:34:01.856+09:00  INFO 16292 --- [restartedMain] o.apache.catalina.core.StandardService   : Starting service [Tomcat]
2023-03-04T10:34:01.856+09:00  INFO 16292 --- [restartedMain] o.apache.catalina.core.StandardEngine    : Starting Servlet engine: [Apache Tomcat/10.1.5]
2023-03-04T10:34:01.943+09:00  INFO 16292 --- [restartedMain] o.a.c.c.C.[Tomcat].[localhost].[/]       : Initializing Spring embedded WebApplicationContext
2023-03-04T10:34:01.943+09:00  INFO 16292 --- [restartedMain] w.s.c.ServletWebServerApplicationContext : Root WebApplicationContext: initialization completed in 1543 ms
2023-03-04T10:34:02.083+09:00  INFO 16292 --- [restartedMain] o.hibernate.jpa.internal.util.LogHelper  : HHH000204: Processing PersistenceUnitInfo [name: default]
2023-03-04T10:34:02.143+09:00  INFO 16292 --- [restartedMain] org.hibernate.Version                    : HHH000412: Hibernate ORM core version 6.1.6.Final
2023-03-04T10:34:02.334+09:00  WARN 16292 --- [restartedMain] org.hibernate.orm.deprecation            : HHH90000021: Encountered deprecated setting [javax.persistence.sharedCache.mode], use [jakarta.persistence.sharedCache.mode] instead
2023-03-04T10:34:02.460+09:00  INFO 16292 --- [restartedMain] com.zaxxer.hikari.HikariDataSource       : HikariPool-1 - Starting...
2023-03-04T10:34:02.548+09:00  INFO 16292 --- [restartedMain] com.zaxxer.hikari.pool.HikariPool        : HikariPool-1 - Added connection org.mariadb.jdbc.Connection@7b2b0609
2023-03-04T10:34:02.551+09:00  INFO 16292 --- [restartedMain] com.zaxxer.hikari.HikariDataSource       : HikariPool-1 - Start completed.
2023-03-04T10:34:02.571+09:00  INFO 16292 --- [restartedMain] SQL dialect                              : HHH000400: Using dialect: org.hibernate.dialect.MariaDB103Dialect
2023-03-04T10:34:02.572+09:00  WARN 16292 --- [restartedMain] org.hibernate.orm.deprecation            : HHH90000026: MariaDB103Dialect has been deprecated; use org.hibernate.dialect.MariaDBDialect instead
2023-03-04T10:34:03.551+09:00  INFO 16292 --- [restartedMain] o.h.e.t.j.p.i.JtaPlatformInitiator       : HHH000490: Using JtaPlatform implementation: [org.hibernate.engine.transaction.jta.platform.internal.NoJtaPlatform]
2023-03-04T10:34:03.560+09:00  INFO 16292 --- [restartedMain] j.LocalContainerEntityManagerFactoryBean : Initialized JPA EntityManagerFactory for persistence unit 'default'
2023-03-04T10:34:03.890+09:00  WARN 16292 --- [restartedMain] JpaBaseConfiguration$JpaWebConfiguration : spring.jpa.open-in-view is enabled by default. Therefore, database queries may be performed during view rendering. Explicitly configure spring.jpa.open-in-view to disable this warning
2023-03-04T10:34:04.729+09:00  INFO 16292 --- [restartedMain] o.s.b.d.a.OptionalLiveReloadServer       : LiveReload server is running on port 35729
2023-03-04T10:34:04.949+09:00  INFO 16292 --- [restartedMain] o.s.b.w.embedded.tomcat.TomcatWebServer  : Tomcat started on port(s): 5000 (http) with context path ''
2023-03-04T10:34:05.101+09:00  INFO 16292 --- [restartedMain] org.msa.item.ItemServiceApplication      : Started ItemServiceApplication in 6.168 seconds (process running for 7.047)
2023-03-04T10:34:11.796+09:00  INFO 16292 --- [http-nio-5000-exec-1] o.a.c.c.C.[Tomcat].[localhost].[/]       : Initializing Spring DispatcherServlet 'dispatcherServlet'
2023-03-04T10:34:11.797+09:00  INFO 16292 --- [http-nio-5000-exec-1] o.s.web.servlet.DispatcherServlet        : Initializing Servlet 'dispatcherServlet'
2023-03-04T10:34:11.798+09:00  INFO 16292 --- [http-nio-5000-exec-1] o.s.web.servlet.DispatcherServlet        : Completed initialization in 1 ms
2023-03-04T10:34:11.888+09:00  WARN 16292 --- [http-nio-5000-exec-1] ocalVariableTableParameterNameDiscoverer : Using deprecated '-debug' fallback for parameter name resolution. Compile the affected code with '-parameters' instead or avoid its introspection: org.msa.item.controller.ItemController
2023-03-04T10:34:12.029+09:00 DEBUG 16292 --- [http-nio-5000-exec-1] org.msa.item.controller.ItemController   : request add item id = 1
2023-03-04T10:35:12.974+09:00 DEBUG 16292 --- [http-nio-5000-exec-5] org.msa.item.controller.ItemController   : request add item id = 1
2023-03-04T10:36:03.506+09:00  INFO 16292 --- [RMI TCP Connection(5)-127.0.0.1] inMXBeanRegistrar$SpringApplicationAdmin : Application shutdown requested.
2023-03-04T10:36:03.521+09:00  INFO 16292 --- [RMI TCP Connection(5)-127.0.0.1] o.apache.catalina.core.StandardService   : Stopping service [Tomcat]
2023-03-04T10:36:03.523+09:00  INFO 16292 --- [RMI TCP Connection(5)-127.0.0.1] o.a.c.c.C.[Tomcat].[localhost].[/]       : Destroying Spring FrameworkServlet 'dispatcherServlet'
2023-03-04T10:36:03.530+09:00  INFO 16292 --- [RMI TCP Connection(5)-127.0.0.1] j.LocalContainerEntityManagerFactoryBean : Closing JPA EntityManagerFactory for persistence unit 'default'
2023-03-04T10:36:03.533+09:00  INFO 16292 --- [RMI TCP Connection(5)-127.0.0.1] com.zaxxer.hikari.HikariDataSource       : HikariPool-1 - Shutdown initiated...
2023-03-04T10:36:03.536+09:00  INFO 16292 --- [RMI TCP Connection(5)-127.0.0.1] com.zaxxer.hikari.HikariDataSource       : HikariPool-1 - Shutdown completed.
